{"C:\\Users\\Mandalore\\Downloads\\web-340-master\\web-340-master\\week-6\\fantasy-game-character-creation\\src\\server.js": {"path":"C:\\Users\\Mandalore\\Downloads\\web-340-master\\web-340-master\\week-6\\fantasy-game-character-creation\\src\\server.js","statementMap":{"0":{"start":{"line":1,"column":13},"end":{"line":1,"column":28}},"1":{"start":{"line":2,"column":12},"end":{"line":2,"column":26}},"2":{"start":{"line":5,"column":19},"end":{"line":5,"column":22}},"3":{"start":{"line":6,"column":9},"end":{"line":6,"column":10}},"4":{"start":{"line":7,"column":15},"end":{"line":48,"column":2}},"5":{"start":{"line":8,"column":2},"end":{"line":8,"column":23}},"6":{"start":{"line":10,"column":20},"end":{"line":10,"column":49}},"7":{"start":{"line":11,"column":2},"end":{"line":11,"column":27}},"8":{"start":{"line":12,"column":2},"end":{"line":33,"column":3}},"9":{"start":{"line":13,"column":4},"end":{"line":32,"column":5}},"10":{"start":{"line":14,"column":6},"end":{"line":14,"column":27}},"11":{"start":{"line":15,"column":29},"end":{"line":15,"column":46}},"12":{"start":{"line":16,"column":30},"end":{"line":16,"column":48}},"13":{"start":{"line":17,"column":28},"end":{"line":17,"column":44}},"14":{"start":{"line":18,"column":6},"end":{"line":18,"column":11}},"15":{"start":{"line":19,"column":6},"end":{"line":19,"column":72}},"16":{"start":{"line":20,"column":6},"end":{"line":20,"column":25}},"17":{"start":{"line":21,"column":6},"end":{"line":21,"column":49}},"18":{"start":{"line":22,"column":11},"end":{"line":32,"column":5}},"19":{"start":{"line":23,"column":6},"end":{"line":23,"column":38}},"20":{"start":{"line":24,"column":17},"end":{"line":24,"column":31}},"21":{"start":{"line":25,"column":6},"end":{"line":31,"column":7}},"22":{"start":{"line":26,"column":8},"end":{"line":26,"column":27}},"23":{"start":{"line":27,"column":8},"end":{"line":27,"column":40}},"24":{"start":{"line":29,"column":8},"end":{"line":29,"column":27}},"25":{"start":{"line":30,"column":8},"end":{"line":30,"column":40}},"26":{"start":{"line":34,"column":2},"end":{"line":47,"column":3}},"27":{"start":{"line":35,"column":4},"end":{"line":46,"column":5}},"28":{"start":{"line":36,"column":17},"end":{"line":36,"column":31}},"29":{"start":{"line":37,"column":24},"end":{"line":37,"column":38}},"30":{"start":{"line":39,"column":6},"end":{"line":45,"column":7}},"31":{"start":{"line":40,"column":8},"end":{"line":40,"column":27}},"32":{"start":{"line":41,"column":8},"end":{"line":41,"column":161}},"33":{"start":{"line":43,"column":8},"end":{"line":43,"column":27}},"34":{"start":{"line":44,"column":8},"end":{"line":44,"column":39}},"35":{"start":{"line":50,"column":0},"end":{"line":52,"column":3}},"36":{"start":{"line":51,"column":2},"end":{"line":51,"column":47}},"37":{"start":{"line":54,"column":0},"end":{"line":54,"column":24}}},"fnMap":{"0":{"name":"(anonymous_0)","decl":{"start":{"line":7,"column":33},"end":{"line":7,"column":34}},"loc":{"start":{"line":7,"column":47},"end":{"line":48,"column":1}},"line":7},"1":{"name":"(anonymous_1)","decl":{"start":{"line":50,"column":20},"end":{"line":50,"column":21}},"loc":{"start":{"line":50,"column":26},"end":{"line":52,"column":1}},"line":50}},"branchMap":{"0":{"loc":{"start":{"line":12,"column":2},"end":{"line":33,"column":3}},"type":"if","locations":[{"start":{"line":12,"column":2},"end":{"line":33,"column":3}},{"start":{},"end":{}}],"line":12},"1":{"loc":{"start":{"line":13,"column":4},"end":{"line":32,"column":5}},"type":"if","locations":[{"start":{"line":13,"column":4},"end":{"line":32,"column":5}},{"start":{"line":22,"column":11},"end":{"line":32,"column":5}}],"line":13},"2":{"loc":{"start":{"line":22,"column":11},"end":{"line":32,"column":5}},"type":"if","locations":[{"start":{"line":22,"column":11},"end":{"line":32,"column":5}},{"start":{},"end":{}}],"line":22},"3":{"loc":{"start":{"line":22,"column":15},"end":{"line":22,"column":70}},"type":"binary-expr","locations":[{"start":{"line":22,"column":15},"end":{"line":22,"column":45}},{"start":{"line":22,"column":49},"end":{"line":22,"column":70}}],"line":22},"4":{"loc":{"start":{"line":25,"column":6},"end":{"line":31,"column":7}},"type":"if","locations":[{"start":{"line":25,"column":6},"end":{"line":31,"column":7}},{"start":{"line":28,"column":13},"end":{"line":31,"column":7}}],"line":25},"5":{"loc":{"start":{"line":34,"column":2},"end":{"line":47,"column":3}},"type":"if","locations":[{"start":{"line":34,"column":2},"end":{"line":47,"column":3}},{"start":{},"end":{}}],"line":34},"6":{"loc":{"start":{"line":35,"column":4},"end":{"line":46,"column":5}},"type":"if","locations":[{"start":{"line":35,"column":4},"end":{"line":46,"column":5}},{"start":{},"end":{}}],"line":35},"7":{"loc":{"start":{"line":39,"column":6},"end":{"line":45,"column":7}},"type":"if","locations":[{"start":{"line":39,"column":6},"end":{"line":45,"column":7}},{"start":{"line":42,"column":13},"end":{"line":45,"column":7}}],"line":39}},"s":{"0":1,"1":1,"2":1,"3":1,"4":1,"5":7,"6":7,"7":7,"8":7,"9":5,"10":3,"11":3,"12":3,"13":3,"14":3,"15":3,"16":3,"17":3,"18":2,"19":2,"20":2,"21":2,"22":1,"23":1,"24":1,"25":1,"26":7,"27":2,"28":2,"29":2,"30":2,"31":1,"32":1,"33":1,"34":1,"35":1,"36":1,"37":1},"f":{"0":7,"1":1},"b":{"0":[5,2],"1":[3,2],"2":[2,0],"3":[2,2],"4":[1,1],"5":[2,5],"6":[2,0],"7":[1,1]},"_coverageSchema":"1a1c01bbd47fc00a2c39e90264f33305004495a9","hash":"0e020d5e62f257af699207103548f90da1a8dbd2"}
}
