TN:
SF:src\server.js
FN:7,(anonymous_0)
FN:50,(anonymous_1)
FNF:2
FNH:2
FNDA:7,(anonymous_0)
FNDA:1,(anonymous_1)
DA:1,1
DA:2,1
DA:5,1
DA:6,1
DA:7,1
DA:8,7
DA:10,7
DA:11,7
DA:12,7
DA:13,5
DA:14,3
DA:15,3
DA:16,3
DA:17,3
DA:18,3
DA:19,3
DA:20,3
DA:21,3
DA:22,2
DA:23,2
DA:24,2
DA:25,2
DA:26,1
DA:27,1
DA:29,1
DA:30,1
DA:34,7
DA:35,2
DA:36,2
DA:37,2
DA:39,2
DA:40,1
DA:41,1
DA:43,1
DA:44,1
DA:50,1
DA:51,1
DA:54,1
LF:38
LH:38
BRDA:12,0,0,5
BRDA:12,0,1,2
BRDA:13,1,0,3
BRDA:13,1,1,2
BRDA:22,2,0,2
BRDA:22,2,1,0
BRDA:22,3,0,2
BRDA:22,3,1,2
BRDA:25,4,0,1
BRDA:25,4,1,1
BRDA:34,5,0,2
BRDA:34,5,1,5
BRDA:35,6,0,2
BRDA:35,6,1,0
BRDA:39,7,0,1
BRDA:39,7,1,1
BRF:16
BRH:14
end_of_record
