{"C:\\Users\\Mandalore\\Documents\\pie-baker\\src\\pie.js": {"path":"C:\\Users\\Mandalore\\Documents\\pie-baker\\src\\pie.js","statementMap":{"0":{"start":{"line":11,"column":19},"end":{"line":11,"column":48}},"1":{"start":{"line":12,"column":19},"end":{"line":12,"column":48}},"2":{"start":{"line":13,"column":20},"end":{"line":13,"column":50}},"3":{"start":{"line":15,"column":2},"end":{"line":21,"column":3}},"4":{"start":{"line":16,"column":4},"end":{"line":16,"column":70}},"5":{"start":{"line":19,"column":4},"end":{"line":19,"column":67}},"6":{"start":{"line":20,"column":4},"end":{"line":20,"column":20}},"7":{"start":{"line":24,"column":0},"end":{"line":24,"column":29}}},"fnMap":{"0":{"name":"bakePie","decl":{"start":{"line":9,"column":9},"end":{"line":9,"column":16}},"loc":{"start":{"line":9,"column":39},"end":{"line":22,"column":1}},"line":9}},"branchMap":{"0":{"loc":{"start":{"line":15,"column":2},"end":{"line":21,"column":3}},"type":"if","locations":[{"start":{"line":15,"column":2},"end":{"line":21,"column":3}},{"start":{"line":18,"column":9},"end":{"line":21,"column":3}}],"line":15},"1":{"loc":{"start":{"line":15,"column":6},"end":{"line":15,"column":39}},"type":"binary-expr","locations":[{"start":{"line":15,"column":6},"end":{"line":15,"column":14}},{"start":{"line":15,"column":18},"end":{"line":15,"column":26}},{"start":{"line":15,"column":30},"end":{"line":15,"column":39}}],"line":15}},"s":{"0":4,"1":4,"2":4,"3":4,"4":2,"5":2,"6":2,"7":1},"f":{"0":4},"b":{"0":[2,2],"1":[4,3,2]},"_coverageSchema":"1a1c01bbd47fc00a2c39e90264f33305004495a9","hash":"670b0d71472506fba88bde101ddcc0a771a0c9f4"}
}
